# JRE version: Java(TM) SE Runtime Environment (8.0_131-b11) (build 1.8.0_131-b11)
# Java VM: Java HotSpot(TM) 64-Bit Server VM (25.131-b11 mixed mode windows-amd64 compressed oops)
Heap:
 PSYoungGen      total 328192K, used 303028K [0x000000076b100000, 0x0000000781200000, 0x00000007c0000000)
  eden space 320512K, 92% used [0x000000076b100000,0x000000077d194378,0x000000077ea00000)
  from space 7680K, 97% used [0x0000000780a80000,0x00000007811d8ce0,0x0000000781200000)
  to   space 16896K, 0% used [0x000000077f100000,0x000000077f100000,0x0000000780180000)
 ParOldGen       total 144384K, used 19646K [0x00000006c1200000, 0x00000006c9f00000, 0x000000076b100000)
  object space 144384K, 13% used [0x00000006c1200000,0x00000006c252faa0,0x00000006c9f00000)
 Metaspace       used 44073K, capacity 46032K, committed 46296K, reserved 1089536K
  class space    used 5709K, capacity 6072K, committed 6104K, reserved 1048576K
GC Heap History (10 events):
Event: 3.312 GC heap before
{Heap before GC invocations=6 (full 1):
 PSYoungGen      total 141824K, used 131072K [0x000000076b100000, 0x0000000774600000, 0x00000007c0000000)
  eden space 131072K, 100% used [0x000000076b100000,0x0000000773100000,0x0000000773100000)
  from space 10752K, 0% used [0x0000000773b80000,0x0000000773b80000,0x0000000774600000)
  to   space 10752K, 0% used [0x0000000773100000,0x0000000773100000,0x0000000773b80000)
 ParOldGen       total 91136K, used 5482K [0x00000006c1200000, 0x00000006c6b00000, 0x000000076b100000)
  object space 91136K, 6% used [0x00000006c1200000,0x00000006c175a930,0x00000006c6b00000)
 Metaspace       used 27368K, capacity 28224K, committed 28416K, reserved 1073152K
  class space    used 3532K, capacity 3732K, committed 3840K, reserved 1048576K
Event: 3.320 GC heap after
Heap after GC invocations=6 (full 1):
 PSYoungGen      total 141824K, used 10750K [0x000000076b100000, 0x0000000779c00000, 0x00000007c0000000)
  eden space 131072K, 0% used [0x000000076b100000,0x000000076b100000,0x0000000773100000)
  from space 10752K, 99% used [0x0000000773100000,0x0000000773b7fba8,0x0000000773b80000)
  to   space 12288K, 0% used [0x0000000779000000,0x0000000779000000,0x0000000779c00000)
 ParOldGen       total 91136K, used 5566K [0x00000006c1200000, 0x00000006c6b00000, 0x000000076b100000)
  object space 91136K, 6% used [0x00000006c1200000,0x00000006c176fb40,0x00000006c6b00000)
 Metaspace       used 27368K, capacity 28224K, committed 28416K, reserved 1073152K
  class space    used 3532K, capacity 3732K, committed 3840K, reserved 1048576K
}
Event: 4.107 GC heap before
{Heap before GC invocations=7 (full 1):
 PSYoungGen      total 141824K, used 141822K [0x000000076b100000, 0x0000000779c00000, 0x00000007c0000000)
  eden space 131072K, 100% used [0x000000076b100000,0x0000000773100000,0x0000000773100000)
  from space 10752K, 99% used [0x0000000773100000,0x0000000773b7fba8,0x0000000773b80000)
  to   space 12288K, 0% used [0x0000000779000000,0x0000000779000000,0x0000000779c00000)
 ParOldGen       total 91136K, used 5566K [0x00000006c1200000, 0x00000006c6b00000, 0x000000076b100000)
  object space 91136K, 6% used [0x00000006c1200000,0x00000006c176fb40,0x00000006c6b00000)
 Metaspace       used 30388K, capacity 31304K, committed 31616K, reserved 1077248K
  class space    used 3962K, capacity 4182K, committed 4224K, reserved 1048576K
Event: 4.120 GC heap after
Heap after GC invocations=7 (full 1):
 PSYoungGen      total 224768K, used 12287K [0x000000076b100000, 0x0000000779d80000, 0x00000007c0000000)
  eden space 212480K, 0% used [0x000000076b100000,0x000000076b100000,0x0000000778080000)
  from space 12288K, 99% used [0x0000000779000000,0x0000000779bffeb8,0x0000000779c00000)
  to   space 14848K, 0% used [0x0000000778080000,0x0000000778080000,0x0000000778f00000)
 ParOldGen       total 91136K, used 7101K [0x00000006c1200000, 0x00000006c6b00000, 0x000000076b100000)
  object space 91136K, 7% used [0x00000006c1200000,0x00000006c18ef490,0x00000006c6b00000)
 Metaspace       used 30388K, capacity 31304K, committed 31616K, reserved 1077248K
  class space    used 3962K, capacity 4182K, committed 4224K, reserved 1048576K
}
Event: 5.047 GC heap before
{Heap before GC invocations=8 (full 1):
 PSYoungGen      total 224768K, used 119664K [0x000000076b100000, 0x0000000779d80000, 0x00000007c0000000)
  eden space 212480K, 50% used [0x000000076b100000,0x00000007719dc438,0x0000000778080000)
  from space 12288K, 99% used [0x0000000779000000,0x0000000779bffeb8,0x0000000779c00000)
  to   space 14848K, 0% used [0x0000000778080000,0x0000000778080000,0x0000000778f00000)
 ParOldGen       total 91136K, used 7101K [0x00000006c1200000, 0x00000006c6b00000, 0x000000076b100000)
  object space 91136K, 7% used [0x00000006c1200000,0x00000006c18ef490,0x00000006c6b00000)
 Metaspace       used 34076K, capacity 35284K, committed 35416K, reserved 1079296K
  class space    used 4384K, capacity 4626K, committed 4696K, reserved 1048576K
Event: 5.057 GC heap after
Heap after GC invocations=8 (full 1):
 PSYoungGen      total 227328K, used 14825K [0x000000076b100000, 0x0000000781b80000, 0x00000007c0000000)
  eden space 212480K, 0% used [0x000000076b100000,0x000000076b100000,0x0000000778080000)
  from space 14848K, 99% used [0x0000000778080000,0x0000000778efa5d8,0x0000000778f00000)
  to   space 17408K, 0% used [0x0000000780a80000,0x0000000780a80000,0x0000000781b80000)
 ParOldGen       total 91136K, used 7596K [0x00000006c1200000, 0x00000006c6b00000, 0x000000076b100000)
  object space 91136K, 8% used [0x00000006c1200000,0x00000006c196b2d8,0x00000006c6b00000)
 Metaspace       used 34076K, capacity 35284K, committed 35416K, reserved 1079296K
  class space    used 4384K, capacity 4626K, committed 4696K, reserved 1048576K
}
Event: 5.057 GC heap before
{Heap before GC invocations=9 (full 2):
 PSYoungGen      total 227328K, used 14825K [0x000000076b100000, 0x0000000781b80000, 0x00000007c0000000)
  eden space 212480K, 0% used [0x000000076b100000,0x000000076b100000,0x0000000778080000)
  from space 14848K, 99% used [0x0000000778080000,0x0000000778efa5d8,0x0000000778f00000)
  to   space 17408K, 0% used [0x0000000780a80000,0x0000000780a80000,0x0000000781b80000)
 ParOldGen       total 91136K, used 7596K [0x00000006c1200000, 0x00000006c6b00000, 0x000000076b100000)
  object space 91136K, 8% used [0x00000006c1200000,0x00000006c196b2d8,0x00000006c6b00000)
 Metaspace       used 34076K, capacity 35284K, committed 35416K, reserved 1079296K
  class space    used 4384K, capacity 4626K, committed 4696K, reserved 1048576K
Event: 5.109 GC heap after
Heap after GC invocations=9 (full 2):
 PSYoungGen      total 227328K, used 0K [0x000000076b100000, 0x0000000781b80000, 0x00000007c0000000)
  eden space 212480K, 0% used [0x000000076b100000,0x000000076b100000,0x0000000778080000)
  from space 14848K, 0% used [0x0000000778080000,0x0000000778080000,0x0000000778f00000)
  to   space 17408K, 0% used [0x0000000780a80000,0x0000000780a80000,0x0000000781b80000)
 ParOldGen       total 144384K, used 19638K [0x00000006c1200000, 0x00000006c9f00000, 0x000000076b100000)
  object space 144384K, 13% used [0x00000006c1200000,0x00000006c252daa0,0x00000006c9f00000)
 Metaspace       used 34076K, capacity 35284K, committed 35416K, reserved 1079296K
  class space    used 4384K, capacity 4626K, committed 4696K, reserved 1048576K
}
Event: 7.142 GC heap before
{Heap before GC invocations=10 (full 2):
 PSYoungGen      total 227328K, used 212480K [0x000000076b100000, 0x0000000781b80000, 0x00000007c0000000)
  eden space 212480K, 100% used [0x000000076b100000,0x0000000778080000,0x0000000778080000)
  from space 14848K, 0% used [0x0000000778080000,0x0000000778080000,0x0000000778f00000)
  to   space 17408K, 0% used [0x0000000780a80000,0x0000000780a80000,0x0000000781b80000)
 ParOldGen       total 144384K, used 19638K [0x00000006c1200000, 0x00000006c9f00000, 0x000000076b100000)
  object space 144384K, 13% used [0x00000006c1200000,0x00000006c252daa0,0x00000006c9f00000)
 Metaspace       used 37325K, capacity 38842K, committed 39000K, reserved 1083392K
  class space    used 4830K, capacity 5139K, committed 5208K, reserved 1048576K
Event: 7.151 GC heap after
Heap after GC invocations=10 (full 2):
 PSYoungGen      total 328192K, used 7523K [0x000000076b100000, 0x0000000781200000, 0x00000007c0000000)
  eden space 320512K, 0% used [0x000000076b100000,0x000000076b100000,0x000000077ea00000)
  from space 7680K, 97% used [0x0000000780a80000,0x00000007811d8ce0,0x0000000781200000)
  to   space 16896K, 0% used [0x000000077f100000,0x000000077f100000,0x0000000780180000)
 ParOldGen       total 144384K, used 19646K [0x00000006c1200000, 0x00000006c9f00000, 0x000000076b100000)
  object space 144384K, 13% used [0x00000006c1200000,0x00000006c252faa0,0x00000006c9f00000)
 Metaspace       used 37325K, capacity 38842K, committed 39000K, reserved 1083392K
  class space    used 4830K, capacity 5139K, committed 5208K, reserved 1048576K
}

